2024-11-21 00:55:20,154 [INFO] This is an informational message.
2024-11-21 00:55:20,157 [WARNING] This is a warning message.
2024-11-21 00:55:20,158 [ERROR] This is an error message.
2024-11-21 00:55:49,576 [INFO] This is an informational message.
2024-11-21 00:55:49,577 [WARNING] This is a warning message.
2024-11-21 00:55:49,578 [ERROR] This is an error message.
2024-11-21 01:05:20,360 [INFO] Loaded config.json from: /Users/deepakn/Desktop/PDF-RAG/config.json
2024-11-21 01:05:20,363 [INFO] Loaded config.json from: /Users/deepakn/Desktop/PDF-RAG/config.json
2024-11-21 01:05:40,037 [INFO] Loaded config.json from: /Users/deepakn/Desktop/PDF-RAG/config.json
2024-11-21 01:05:52,375 [INFO] Loaded config.json from: /Users/deepakn/Desktop/PDF-RAG/config.json
2024-11-21 01:06:01,751 [INFO] Loaded config.json from: /Users/deepakn/Desktop/PDF-RAG/config.json
2024-11-21 01:16:13,643 [INFO] Loaded config.json from: /Users/deepakn/Desktop/PDF-RAG/config.json
2024-11-21 01:16:13,645 [INFO] ['https://www.team-bhp.com/forum/attachments/official-new-car-reviews/2238569d1638110150-mg-astor-review-astor-manual.pdf', 'https://tmlcars.tatamotors.com/images/service/owners/owners-manual/pdf/tiago/APP-TIAGO-FINAL-OMSB.pdf']
2024-11-21 02:54:49,333 [INFO] Loaded config.json from: /Users/deepakn/Desktop/PDF-RAG/config.json
2024-11-21 02:55:03,422 [INFO] Loaded config.json from: /Users/deepakn/Desktop/PDF-RAG/config.json
2024-11-21 02:59:20,679 [INFO] Loaded config.json from: /Users/deepakn/Desktop/PDF-RAG/config.json
2024-11-21 02:59:31,487 [INFO] Loaded config.json from: /Users/deepakn/Desktop/PDF-RAG/config.json
2024-11-21 02:59:56,588 [INFO] Loaded config.json from: /Users/deepakn/Desktop/PDF-RAG/config.json
2024-11-21 03:01:20,121 [INFO] Loaded config.json from: /Users/deepakn/Desktop/PDF-RAG/config.json
2024-11-21 03:02:08,259 [INFO] Loaded config.json from: /Users/deepakn/Desktop/PDF-RAG/config.json
2024-11-21 03:06:18,779 [INFO] Loaded config.json from: /Users/deepakn/Desktop/PDF-RAG/config.json
2024-11-21 03:06:30,202 [INFO] Loaded config.json from: /Users/deepakn/Desktop/PDF-RAG/config.json
2024-11-21 03:06:30,473 [WARNING] Failed to import jpype dependencies. Fallback to subprocess.
2024-11-21 03:06:30,474 [WARNING] No module named 'jpype'
2024-11-21 03:13:37,814 [INFO] Loaded config.json from: /Users/deepakn/Desktop/PDF-RAG/config.json
2024-11-21 03:19:34,970 [INFO] Loaded config.json from: /Users/deepakn/Desktop/PDF-RAG/config.json
2024-11-21 03:19:48,077 [INFO] Loaded config.json from: /Users/deepakn/Desktop/PDF-RAG/config.json
2024-11-21 03:22:59,414 [INFO] Loaded config.json from: /Users/deepakn/Desktop/PDF-RAG/config.json
2024-11-21 03:23:21,152 [INFO] Loaded config.json from: /Users/deepakn/Desktop/PDF-RAG/config.json
2024-11-21 04:21:17,472 [INFO] Loaded config.json from: /Users/deepakn/Desktop/PDF-RAG/config.json
2024-11-21 04:22:13,243 [INFO] Loaded config.json from: /Users/deepakn/Desktop/PDF-RAG/config.json
2024-11-21 04:22:57,515 [INFO] Loaded config.json from: /Users/deepakn/Desktop/PDF-RAG/config.json
2024-11-21 04:25:35,054 [INFO] Loaded config.json from: /Users/deepakn/Desktop/PDF-RAG/config.json
2024-11-21 04:25:35,156 [WARNING] Failed to import jpype dependencies. Fallback to subprocess.
2024-11-21 04:25:35,157 [WARNING] No module named 'jpype'
